  GameTree.cpp
C:\Study\game_cpp\chapter5\OpenGL\OpenGL\Algorithm\GameTree.cpp(1,10): fatal  error C1083: Cannot open include file: 'PreCompiled.hpp': No such file or directory
  Pathfinding.cpp
C:\Study\game_cpp\chapter5\OpenGL\OpenGL\Algorithm\Pathfinding.cpp(1,10): fatal  error C1083: Cannot open include file: 'PreCompiled.hpp': No such file or directory
  AIComponent.cpp
C:\Study\game_cpp\chapter5\OpenGL\OpenGL\Component\AIComponent.cpp(1,10): fatal  error C1083: Cannot open include file: 'PreCompiled.hpp': No such file or directory
  AIState.cpp
C:\Study\game_cpp\chapter5\OpenGL\OpenGL\Component\AIState.cpp(1,10): fatal  error C1083: Cannot open include file: 'PreCompiled.hpp': No such file or directory
  AnimSpriteComponent.cpp
  BGSpriteComponent.cpp
  CircleComponent.cpp
  Component.cpp
  InputComponent.cpp
  MoveComponent.cpp
  NavComponent.cpp
C:\Study\game_cpp\chapter5\OpenGL\OpenGL\Component\NavComponent.cpp(1,10): fatal  error C1083: Cannot open include file: 'PreCompiled.hpp': No such file or directory
  SpriteComponent.cpp
  Game.cpp
C:\Study\game_cpp\chapter5\OpenGL\OpenGL\Game.cpp(97,22): error C2065: 'mRenderer': undeclared identifier
C:\Study\game_cpp\chapter5\OpenGL\OpenGL\Game.cpp(133,3): error C2065: 'mGrid': undeclared identifier
C:\Study\game_cpp\chapter5\OpenGL\OpenGL\Game.cpp(140,3): error C2065: 'mGrid': undeclared identifier
C:\Study\game_cpp\chapter5\OpenGL\OpenGL\Game.cpp(205,3): error C2065: 'mRenderer': undeclared identifier
C:\Study\game_cpp\chapter5\OpenGL\OpenGL\Game.cpp(213,18): error C2065: 'mRenderer': undeclared identifier
C:\Study\game_cpp\chapter5\OpenGL\OpenGL\Game.cpp(219,16): error C2065: 'mRenderer': undeclared identifier
C:\Study\game_cpp\chapter5\OpenGL\OpenGL\Game.cpp(223,20): error C2065: 'mRenderer': undeclared identifier
C:\Study\game_cpp\chapter5\OpenGL\OpenGL\Game.cpp(276,50): error C2065: 'mRenderer': undeclared identifier
C:\Study\game_cpp\chapter5\OpenGL\OpenGL\Game.cpp(305,2): error C2065: 'mGrid': undeclared identifier
C:\Study\game_cpp\chapter5\OpenGL\OpenGL\Game.cpp(305,14): error C2061: syntax error: identifier 'Grid'
C:\Study\game_cpp\chapter5\OpenGL\OpenGL\Game.cpp(346,6): error C2143: syntax error: missing ';' before '*'
C:\Study\game_cpp\chapter5\OpenGL\OpenGL\Game.cpp(346,6): error C4430: missing type specifier - int assumed. Note: C++ does not support default-int
C:\Study\game_cpp\chapter5\OpenGL\OpenGL\Game.cpp(346,14): error C2039: 'GetNearestEnemy': is not a member of 'Game'
C:\Study\game_cpp\chapter5\OpenGL\OpenGL\Game.hpp(3,7): message : see declaration of 'Game'
C:\Study\game_cpp\chapter5\OpenGL\OpenGL\Game.cpp(346,51): error C4430: missing type specifier - int assumed. Note: C++ does not support default-int
C:\Study\game_cpp\chapter5\OpenGL\OpenGL\Game.cpp(346,51): error C2059: syntax error: '{'
C:\Study\game_cpp\chapter5\OpenGL\OpenGL\Game.cpp(346,51): error C2143: syntax error: missing ';' before '{'
C:\Study\game_cpp\chapter5\OpenGL\OpenGL\Game.cpp(346,51): error C2447: '{': missing function header (old-style formal list?)
  MathUtils.cpp
  Matrix3x3.cpp
  Matrix4x4.cpp
  Random.cpp
  Vector2d.cpp
  Vector3d.cpp
  Actor.cpp
  Generating Code...
  Compiling...
  OpenGL.cpp
  PreCompiled.cpp
  Generating Code...
